2014-09-12 08:53:45,597 INFO [org.springframework.web.context.ContextLoader] - Root WebApplicationContext: initialization started
2014-09-12 08:53:45,940 INFO [org.springframework.web.context.support.XmlWebApplicationContext] - Refreshing Root WebApplicationContext: startup date [Fri Sep 12 08:53:45 CST 2014]; root of context hierarchy
2014-09-12 08:53:46,331 INFO [org.springframework.beans.factory.xml.XmlBeanDefinitionReader] - Loading XML bean definitions from class path resource [conf/spring/jres-web-beans.xml]
2014-09-12 08:53:48,112 INFO [org.springframework.beans.factory.xml.XmlBeanDefinitionReader] - Loading XML bean definitions from class path resource [conf/spring/jres-common-beans.xml]
2014-09-12 08:53:48,690 INFO [org.springframework.beans.factory.xml.XmlBeanDefinitionReader] - Loading XML bean definitions from ServletContext resource [/WEB-INF/conf/spring/web-beans.xml]
2014-09-12 08:53:50,268 INFO [com.hundsun.jresplus.beans.config.PropertyPlaceholderConfigurer] - Loading properties file from ServletContext resource [/WEB-INF/conf/server.properties]
2014-09-12 08:53:50,284 INFO [com.hundsun.jresplus.beans.config.PropertyPlaceholderConfigurer] - Loaded properties:{upload.server.path=, template.load.charset=UTF-8, app.server.protocol=http, upload.server.protocol=${app.server.protocol}, image.server.followContextPath=true, app.server.port=, image.server.port=${app.server.port}, app.server.host=, nosession.onoff=true, negate.system.dev.mode=true, image.server.host=${app.server.host}, jres.action.scan=com.hundsun.jresplus, image.server.path=, bigpipe.onoff=true, session.meta.cookie.name=_h_, cookies.max.length=4095, response.out.charset=UTF-8, cookies.max.count=1, image.server.protocol=${app.server.protocol}, system.dev.mode=false, upload.server.port=${app.server.port}, session.max.inacterval=-1, session.meta.cookie.domain=, upload.server.host=${app.server.host}}
2014-09-12 08:53:50,300 INFO [com.hundsun.jresplus.beans.config.PropertyPlaceholderConfigurer] - Loading properties file from ServletContext resource [/WEB-INF/conf/server.properties]
2014-09-12 08:53:50,300 INFO [com.hundsun.jresplus.beans.config.PropertyPlaceholderConfigurer] - Loaded properties:{web.vaild=false, validation.message.bean.name=}
2014-09-12 08:53:50,784 INFO [org.springframework.beans.factory.support.DefaultListableBeanFactory] - Pre-instantiating singletons in org.springframework.beans.factory.support.DefaultListableBeanFactory@1acee78: defining beans [com.hundsun.jresplus.web.servlet.HandlerExceptionResolver#0,ResourceConfigurer,org.springframework.context.annotation.internalConfigurationAnnotationProcessor,org.springframework.context.annotation.internalAutowiredAnnotationProcessor,org.springframework.context.annotation.internalRequiredAnnotationProcessor,org.springframework.context.annotation.internalCommonAnnotationProcessor,mediaTypesHandler,uuidGenerator,appServerBroker,sslAppServerBroker,imageServerBroker,uploadServerBroker,com.hundsun.jresplus.web.url.ServletContextInitHelper#0,encodingFilterBean,noSessionFilter,containFilter,jresFilter,cookiesManager,cookiesEncode,conversionService,webBindingInitializer,com.hundsun.jresplus.beans.config.PropertyPlaceholderConfigurer#0,demoAction,org.springframework.scheduling.annotation.internalAsyncAnnotationProcessor,org.springframework.scheduling.annotation.internalScheduledAnnotationProcessor,com.hundsun.jresplus.beans.config.OverrideBeanFactoryPostProcessor#0,objectFactory,validator,messageSource,com.hundsun.jresplus.web.exception.HandlerExceptionResolver#0,ehCacheManager,pageCacheBean,pageStaticCache,pageStaticFilter]; root of factory hierarchy
2014-09-12 08:53:51,128 INFO [com.hundsun.jresplus.web.url.URLBrokerInitHelper] - URL Broker[appServer-class com.hundsun.jresplus.web.url.URLBroker] inited.
2014-09-12 08:53:51,128 INFO [com.hundsun.jresplus.web.url.URLBrokerInitHelper] - URL Broker[sslAppServer-class com.hundsun.jresplus.web.url.URLBroker] inited.
2014-09-12 08:53:51,128 INFO [com.hundsun.jresplus.web.url.URLBrokerInitHelper] - URL Broker[imageServer-class com.hundsun.jresplus.web.url.StampURLBroker] inited.
2014-09-12 08:53:51,128 INFO [com.hundsun.jresplus.web.url.URLBrokerInitHelper] - URL Broker[uploadServer-class com.hundsun.jresplus.web.url.MultiHostURLBroker] inited.
2014-09-12 08:53:51,159 INFO [com.hundsun.jresplus.web.nosession.NoSessionFilter] - Nosession filter init...
2014-09-12 08:53:51,175 INFO [com.hundsun.jresplus.web.nosession.NoSessionFilter] - Nosession  registed attribute[]
2014-09-12 08:53:51,253 INFO [com.hundsun.jresplus.web.exception.HandlerExceptionResolver] - Use Exception resolver.
2014-09-12 08:53:51,268 INFO [org.springframework.cache.ehcache.EhCacheManagerFactoryBean] - Initializing EHCache CacheManager
2014-09-12 08:53:51,596 INFO [com.hundsun.jresplus.web.cache.PageStaticFilter] - Page static use PageStaticCache impl[class com.hundsun.jresplus.quickstart.pagecache.PageCacheWithEhcache]
2014-09-12 08:53:51,628 INFO [org.springframework.web.context.ContextLoader] - Root WebApplicationContext: initialization completed in 6031 ms
2014-09-12 08:53:51,753 INFO [com.hundsun.jresplus.web.servlet.DispatcherServlet] - FrameworkServlet 'jresServlet': initialization started
2014-09-12 08:53:51,753 INFO [com.hundsun.jresplus.beans.config.PropertyPlaceholderConfigurer] - Loading properties file from ServletContext resource [/WEB-INF/conf/server.properties]
2014-09-12 08:53:51,753 INFO [com.hundsun.jresplus.beans.config.PropertyPlaceholderConfigurer] - Loaded properties:{}
2014-09-12 08:53:51,753 INFO [org.springframework.web.context.support.XmlWebApplicationContext] - Refreshing WebApplicationContext for namespace 'jresServlet-servlet': startup date [Fri Sep 12 08:53:51 CST 2014]; parent: Root WebApplicationContext
2014-09-12 08:53:51,753 INFO [org.springframework.beans.factory.xml.XmlBeanDefinitionReader] - Loading XML bean definitions from class path resource [conf/spring/web/jres-web-main.xml]
2014-09-12 08:53:52,268 INFO [com.hundsun.jresplus.beans.config.PropertyPlaceholderConfigurer] - Loading properties file from ServletContext resource [/WEB-INF/conf/server.properties]
2014-09-12 08:53:52,268 INFO [com.hundsun.jresplus.beans.config.PropertyPlaceholderConfigurer] - Loaded properties:{velocity.user.directive=, velocity.eventhandler.nullset.class=, template.resource.loader.path=WEB-INF/views/, velocity.eventhandler.invalidreferences.class=, use.default.suffix.pattern=true, velocity.velocimacro.library=, velocity.in.jar.files=*, velocity.eventhandler.referenceinsertion.class=, toolbox.xml.path=WEB-INF/conf/vm-toolbox.xml}
2014-09-12 08:53:52,284 INFO [org.springframework.beans.factory.support.DefaultListableBeanFactory] - Pre-instantiating singletons in org.springframework.beans.factory.support.DefaultListableBeanFactory@cd927d: defining beans [com.hundsun.jresplus.beans.config.PropertyPlaceholderConfigurer#0,demoAction,org.springframework.context.annotation.internalConfigurationAnnotationProcessor,org.springframework.context.annotation.internalAutowiredAnnotationProcessor,org.springframework.context.annotation.internalRequiredAnnotationProcessor,org.springframework.context.annotation.internalCommonAnnotationProcessor,velocityViewCache,velocityConfigurer,viewResolver,internalViewResolver,defaultHandlerInterceptorAdapter,brokersInterceptor,org.springframework.web.servlet.mvc.HttpRequestHandlerAdapter#0,org.springframework.web.servlet.mvc.SimpleControllerHandlerAdapter#0,com.hundsun.jresplus.web.adapter.ExtendableAnnotationMethodHandlerAdapter#0,defaultHandlerMapping,org.springframework.web.servlet.mvc.annotation.DefaultAnnotationHandlerMapping#0,lastHandlerMapping,multipartResolver]; parent: org.springframework.beans.factory.support.DefaultListableBeanFactory@1acee78
2014-09-12 08:53:55,096 INFO [org.springframework.web.servlet.mvc.annotation.DefaultAnnotationHandlerMapping] - Mapped URL path [/demo/view] onto handler 'demoAction'
2014-09-12 08:53:55,096 INFO [org.springframework.web.servlet.mvc.annotation.DefaultAnnotationHandlerMapping] - Mapped URL path [/demo/view.*] onto handler 'demoAction'
2014-09-12 08:53:55,096 INFO [org.springframework.web.servlet.mvc.annotation.DefaultAnnotationHandlerMapping] - Mapped URL path [/demo/view/] onto handler 'demoAction'
2014-09-12 08:53:55,096 INFO [org.springframework.web.servlet.mvc.annotation.DefaultAnnotationHandlerMapping] - Mapped URL path [/demo/bpView] onto handler 'demoAction'
2014-09-12 08:53:55,096 INFO [org.springframework.web.servlet.mvc.annotation.DefaultAnnotationHandlerMapping] - Mapped URL path [/demo/bpView.*] onto handler 'demoAction'
2014-09-12 08:53:55,096 INFO [org.springframework.web.servlet.mvc.annotation.DefaultAnnotationHandlerMapping] - Mapped URL path [/demo/bpView/] onto handler 'demoAction'
2014-09-12 08:53:55,096 INFO [org.springframework.web.servlet.mvc.annotation.DefaultAnnotationHandlerMapping] - Mapped URL path [/demo/orderBpView] onto handler 'demoAction'
2014-09-12 08:53:55,096 INFO [org.springframework.web.servlet.mvc.annotation.DefaultAnnotationHandlerMapping] - Mapped URL path [/demo/orderBpView.*] onto handler 'demoAction'
2014-09-12 08:53:55,096 INFO [org.springframework.web.servlet.mvc.annotation.DefaultAnnotationHandlerMapping] - Mapped URL path [/demo/orderBpView/] onto handler 'demoAction'
2014-09-12 08:53:55,096 INFO [org.springframework.web.servlet.mvc.annotation.DefaultAnnotationHandlerMapping] - Mapped URL path [/demo/staticView] onto handler 'demoAction'
2014-09-12 08:53:55,096 INFO [org.springframework.web.servlet.mvc.annotation.DefaultAnnotationHandlerMapping] - Mapped URL path [/demo/staticView.*] onto handler 'demoAction'
2014-09-12 08:53:55,096 INFO [org.springframework.web.servlet.mvc.annotation.DefaultAnnotationHandlerMapping] - Mapped URL path [/demo/staticView/] onto handler 'demoAction'
2014-09-12 08:53:55,096 INFO [org.springframework.web.servlet.mvc.annotation.DefaultAnnotationHandlerMapping] - Mapped URL path [/demo/subView] onto handler 'demoAction'
2014-09-12 08:53:55,096 INFO [org.springframework.web.servlet.mvc.annotation.DefaultAnnotationHandlerMapping] - Mapped URL path [/demo/subView.*] onto handler 'demoAction'
2014-09-12 08:53:55,096 INFO [org.springframework.web.servlet.mvc.annotation.DefaultAnnotationHandlerMapping] - Mapped URL path [/demo/subView/] onto handler 'demoAction'
2014-09-12 08:53:55,159 WARN [org.springframework.web.servlet.handler.SimpleUrlHandlerMapping] - Neither 'urlMap' nor 'mappings' set on SimpleUrlHandlerMapping
2014-09-12 08:53:55,252 INFO [com.hundsun.jresplus.web.servlet.DispatcherServlet] - FrameworkServlet 'jresServlet': initialization completed in 3499 ms
2014-09-12 08:56:55,946 INFO [org.apache.velocity.tools.view.servlet.ServletToolboxManager] - Using config file '/WEB-INF/conf/vm-toolbox.xml'
2014-09-12 08:56:56,009 INFO [org.apache.velocity.tools.view.servlet.ServletToolboxManager] - XHTML is set to true
2014-09-12 09:02:07,679 INFO [org.springframework.web.context.ContextLoader] - Root WebApplicationContext: initialization started
2014-09-12 09:02:07,804 INFO [org.springframework.web.context.support.XmlWebApplicationContext] - Refreshing Root WebApplicationContext: startup date [Fri Sep 12 09:02:07 CST 2014]; root of context hierarchy
2014-09-12 09:02:08,038 INFO [org.springframework.beans.factory.xml.XmlBeanDefinitionReader] - Loading XML bean definitions from class path resource [conf/spring/jres-web-beans.xml]
2014-09-12 09:02:09,210 INFO [org.springframework.beans.factory.xml.XmlBeanDefinitionReader] - Loading XML bean definitions from class path resource [conf/spring/jres-common-beans.xml]
2014-09-12 09:02:09,757 INFO [org.springframework.beans.factory.xml.XmlBeanDefinitionReader] - Loading XML bean definitions from ServletContext resource [/WEB-INF/conf/spring/web-beans.xml]
2014-09-12 09:02:11,381 INFO [com.hundsun.jresplus.beans.config.PropertyPlaceholderConfigurer] - Loading properties file from ServletContext resource [/WEB-INF/conf/server.properties]
2014-09-12 09:02:11,381 INFO [com.hundsun.jresplus.beans.config.PropertyPlaceholderConfigurer] - Loaded properties:{upload.server.path=, template.load.charset=UTF-8, app.server.protocol=http, upload.server.protocol=${app.server.protocol}, image.server.followContextPath=true, app.server.port=, image.server.port=${app.server.port}, app.server.host=, nosession.onoff=true, negate.system.dev.mode=false, image.server.host=${app.server.host}, jres.action.scan=com.hundsun.jresplus, image.server.path=, bigpipe.onoff=true, session.meta.cookie.name=_h_, cookies.max.length=4095, response.out.charset=UTF-8, cookies.max.count=1, image.server.protocol=${app.server.protocol}, system.dev.mode=true, upload.server.port=${app.server.port}, session.max.inacterval=-1, session.meta.cookie.domain=, upload.server.host=${app.server.host}}
2014-09-12 09:02:11,413 INFO [com.hundsun.jresplus.beans.config.PropertyPlaceholderConfigurer] - Loading properties file from ServletContext resource [/WEB-INF/conf/server.properties]
2014-09-12 09:02:11,413 INFO [com.hundsun.jresplus.beans.config.PropertyPlaceholderConfigurer] - Loaded properties:{web.vaild=false, validation.message.bean.name=}
2014-09-12 09:02:11,913 INFO [org.springframework.beans.factory.support.DefaultListableBeanFactory] - Pre-instantiating singletons in org.springframework.beans.factory.support.DefaultListableBeanFactory@8ca8ac: defining beans [com.hundsun.jresplus.web.servlet.HandlerExceptionResolver#0,ResourceConfigurer,org.springframework.context.annotation.internalConfigurationAnnotationProcessor,org.springframework.context.annotation.internalAutowiredAnnotationProcessor,org.springframework.context.annotation.internalRequiredAnnotationProcessor,org.springframework.context.annotation.internalCommonAnnotationProcessor,mediaTypesHandler,uuidGenerator,appServerBroker,sslAppServerBroker,imageServerBroker,uploadServerBroker,com.hundsun.jresplus.web.url.ServletContextInitHelper#0,encodingFilterBean,noSessionFilter,containFilter,jresFilter,cookiesManager,cookiesEncode,conversionService,webBindingInitializer,com.hundsun.jresplus.beans.config.PropertyPlaceholderConfigurer#0,demoAction,org.springframework.scheduling.annotation.internalAsyncAnnotationProcessor,org.springframework.scheduling.annotation.internalScheduledAnnotationProcessor,com.hundsun.jresplus.beans.config.OverrideBeanFactoryPostProcessor#0,objectFactory,validator,messageSource,com.hundsun.jresplus.web.exception.HandlerExceptionResolver#0,ehCacheManager,pageCacheBean,pageStaticCache,pageStaticFilter]; root of factory hierarchy
2014-09-12 09:02:12,163 INFO [com.hundsun.jresplus.web.url.URLBrokerInitHelper] - URL Broker[appServer-class com.hundsun.jresplus.web.url.URLBroker] inited.
2014-09-12 09:02:12,163 INFO [com.hundsun.jresplus.web.url.URLBrokerInitHelper] - URL Broker[sslAppServer-class com.hundsun.jresplus.web.url.URLBroker] inited.
2014-09-12 09:02:12,163 INFO [com.hundsun.jresplus.web.url.URLBrokerInitHelper] - URL Broker[imageServer-class com.hundsun.jresplus.web.url.StampURLBroker] inited.
2014-09-12 09:02:12,163 INFO [com.hundsun.jresplus.web.url.URLBrokerInitHelper] - URL Broker[uploadServer-class com.hundsun.jresplus.web.url.MultiHostURLBroker] inited.
2014-09-12 09:02:12,194 INFO [com.hundsun.jresplus.web.nosession.NoSessionFilter] - Nosession filter init...
2014-09-12 09:02:12,210 INFO [com.hundsun.jresplus.web.nosession.NoSessionFilter] - Nosession  registed attribute[]
2014-09-12 09:02:12,303 INFO [com.hundsun.jresplus.web.exception.HandlerExceptionResolver] - Use Exception resolver.
2014-09-12 09:02:12,319 INFO [org.springframework.cache.ehcache.EhCacheManagerFactoryBean] - Initializing EHCache CacheManager
2014-09-12 09:02:12,522 INFO [com.hundsun.jresplus.web.cache.PageStaticFilter] - Page static use PageStaticCache impl[class com.hundsun.jresplus.quickstart.pagecache.PageCacheWithEhcache]
2014-09-12 09:02:12,538 INFO [org.springframework.web.context.ContextLoader] - Root WebApplicationContext: initialization completed in 4859 ms
2014-09-12 09:02:12,569 INFO [com.hundsun.jresplus.web.servlet.DispatcherServlet] - FrameworkServlet 'jresServlet': initialization started
2014-09-12 09:02:12,569 INFO [com.hundsun.jresplus.beans.config.PropertyPlaceholderConfigurer] - Loading properties file from ServletContext resource [/WEB-INF/conf/server.properties]
2014-09-12 09:02:12,569 INFO [com.hundsun.jresplus.beans.config.PropertyPlaceholderConfigurer] - Loaded properties:{}
2014-09-12 09:02:12,584 INFO [org.springframework.web.context.support.XmlWebApplicationContext] - Refreshing WebApplicationContext for namespace 'jresServlet-servlet': startup date [Fri Sep 12 09:02:12 CST 2014]; parent: Root WebApplicationContext
2014-09-12 09:02:12,584 INFO [org.springframework.beans.factory.xml.XmlBeanDefinitionReader] - Loading XML bean definitions from class path resource [conf/spring/web/jres-web-main.xml]
2014-09-12 09:02:12,881 INFO [com.hundsun.jresplus.beans.config.PropertyPlaceholderConfigurer] - Loading properties file from ServletContext resource [/WEB-INF/conf/server.properties]
2014-09-12 09:02:12,881 INFO [com.hundsun.jresplus.beans.config.PropertyPlaceholderConfigurer] - Loaded properties:{velocity.user.directive=, velocity.eventhandler.nullset.class=, template.resource.loader.path=WEB-INF/views/, velocity.eventhandler.invalidreferences.class=, use.default.suffix.pattern=true, velocity.velocimacro.library=, velocity.in.jar.files=*, velocity.eventhandler.referenceinsertion.class=, toolbox.xml.path=WEB-INF/conf/vm-toolbox.xml}
2014-09-12 09:02:12,897 INFO [org.springframework.beans.factory.support.DefaultListableBeanFactory] - Pre-instantiating singletons in org.springframework.beans.factory.support.DefaultListableBeanFactory@d41f3: defining beans [com.hundsun.jresplus.beans.config.PropertyPlaceholderConfigurer#0,demoAction,org.springframework.context.annotation.internalConfigurationAnnotationProcessor,org.springframework.context.annotation.internalAutowiredAnnotationProcessor,org.springframework.context.annotation.internalRequiredAnnotationProcessor,org.springframework.context.annotation.internalCommonAnnotationProcessor,velocityViewCache,velocityConfigurer,viewResolver,internalViewResolver,defaultHandlerInterceptorAdapter,brokersInterceptor,org.springframework.web.servlet.mvc.HttpRequestHandlerAdapter#0,org.springframework.web.servlet.mvc.SimpleControllerHandlerAdapter#0,com.hundsun.jresplus.web.adapter.ExtendableAnnotationMethodHandlerAdapter#0,defaultHandlerMapping,org.springframework.web.servlet.mvc.annotation.DefaultAnnotationHandlerMapping#0,lastHandlerMapping,multipartResolver]; parent: org.springframework.beans.factory.support.DefaultListableBeanFactory@8ca8ac
2014-09-12 09:02:15,069 INFO [org.springframework.web.servlet.mvc.annotation.DefaultAnnotationHandlerMapping] - Mapped URL path [/demo/view] onto handler 'demoAction'
2014-09-12 09:02:15,069 INFO [org.springframework.web.servlet.mvc.annotation.DefaultAnnotationHandlerMapping] - Mapped URL path [/demo/view.*] onto handler 'demoAction'
2014-09-12 09:02:15,069 INFO [org.springframework.web.servlet.mvc.annotation.DefaultAnnotationHandlerMapping] - Mapped URL path [/demo/view/] onto handler 'demoAction'
2014-09-12 09:02:15,069 INFO [org.springframework.web.servlet.mvc.annotation.DefaultAnnotationHandlerMapping] - Mapped URL path [/demo/bpView] onto handler 'demoAction'
2014-09-12 09:02:15,069 INFO [org.springframework.web.servlet.mvc.annotation.DefaultAnnotationHandlerMapping] - Mapped URL path [/demo/bpView.*] onto handler 'demoAction'
2014-09-12 09:02:15,069 INFO [org.springframework.web.servlet.mvc.annotation.DefaultAnnotationHandlerMapping] - Mapped URL path [/demo/bpView/] onto handler 'demoAction'
2014-09-12 09:02:15,069 INFO [org.springframework.web.servlet.mvc.annotation.DefaultAnnotationHandlerMapping] - Mapped URL path [/demo/orderBpView] onto handler 'demoAction'
2014-09-12 09:02:15,069 INFO [org.springframework.web.servlet.mvc.annotation.DefaultAnnotationHandlerMapping] - Mapped URL path [/demo/orderBpView.*] onto handler 'demoAction'
2014-09-12 09:02:15,069 INFO [org.springframework.web.servlet.mvc.annotation.DefaultAnnotationHandlerMapping] - Mapped URL path [/demo/orderBpView/] onto handler 'demoAction'
2014-09-12 09:02:15,069 INFO [org.springframework.web.servlet.mvc.annotation.DefaultAnnotationHandlerMapping] - Mapped URL path [/demo/staticView] onto handler 'demoAction'
2014-09-12 09:02:15,069 INFO [org.springframework.web.servlet.mvc.annotation.DefaultAnnotationHandlerMapping] - Mapped URL path [/demo/staticView.*] onto handler 'demoAction'
2014-09-12 09:02:15,069 INFO [org.springframework.web.servlet.mvc.annotation.DefaultAnnotationHandlerMapping] - Mapped URL path [/demo/staticView/] onto handler 'demoAction'
2014-09-12 09:02:15,069 INFO [org.springframework.web.servlet.mvc.annotation.DefaultAnnotationHandlerMapping] - Mapped URL path [/demo/subView] onto handler 'demoAction'
2014-09-12 09:02:15,069 INFO [org.springframework.web.servlet.mvc.annotation.DefaultAnnotationHandlerMapping] - Mapped URL path [/demo/subView.*] onto handler 'demoAction'
2014-09-12 09:02:15,069 INFO [org.springframework.web.servlet.mvc.annotation.DefaultAnnotationHandlerMapping] - Mapped URL path [/demo/subView/] onto handler 'demoAction'
2014-09-12 09:02:15,115 WARN [org.springframework.web.servlet.handler.SimpleUrlHandlerMapping] - Neither 'urlMap' nor 'mappings' set on SimpleUrlHandlerMapping
2014-09-12 09:02:15,209 INFO [com.hundsun.jresplus.web.servlet.DispatcherServlet] - FrameworkServlet 'jresServlet': initialization completed in 2640 ms
2014-09-12 09:03:14,704 INFO [org.apache.velocity.tools.view.servlet.ServletToolboxManager] - Using config file '/WEB-INF/conf/vm-toolbox.xml'
2014-09-12 09:03:14,798 INFO [org.apache.velocity.tools.view.servlet.ServletToolboxManager] - XHTML is set to true
